Using pre-set license
Built from '2020.2/release' branch; Version is '2020.2.0f1 (3721df5a8b28) revision 3613151'; Using compiler version '192528614'; Build Type 'Release'
OS: 'Windows 10  (10.0.0) 64bit' Language: 'en' Physical Memory: 16324 MB
BatchMode: 1, IsHumanControllingUs: 0, StartBugReporterOnCrash: 0, Is64bit: 1, IsPro: 0

 COMMAND LINE ARGUMENTS:
C:\Program Files\Unity\Hub\Editor\2020.2.0f1\Editor\Unity.exe
-adb2
-batchMode
-noUpm
-name
AssetImportWorker0
-projectPath
D:/Unity Projects/HITLab-project
-logFile
Logs/AssetImportWorker0.log
-srvPort
52688
Successfully changed project path to: D:/Unity Projects/HITLab-project
D:/Unity Projects/HITLab-project
Using Asset Import Pipeline V2.
Refreshing native plugins compatible for Editor in 59.60 ms, found 2 plugins.
Preloading 0 native plugins for Editor in 0.00 ms.
Initialize engine version: 2020.2.0f1 (3721df5a8b28)
[Subsystems] Discovering subsystems at path C:/Program Files/Unity/Hub/Editor/2020.2.0f1/Editor/Data/Resources/UnitySubsystems
[Subsystems] Discovering subsystems at path D:/Unity Projects/HITLab-project/Assets
GfxDevice: creating device client; threaded=0
Direct3D:
    Version:  Direct3D 11.0 [level 11.1]
    Renderer: NVIDIA GeForce GTX 980 Ti (ID=0x17c8)
    Vendor:   
    VRAM:     6097 MB
    Driver:   24.21.13.9924
Initialize mono
Mono path[0] = 'C:/Program Files/Unity/Hub/Editor/2020.2.0f1/Editor/Data/Managed'
Mono path[1] = 'C:/Program Files/Unity/Hub/Editor/2020.2.0f1/Editor/Data/MonoBleedingEdge/lib/mono/unityjit'
Mono config path = 'C:/Program Files/Unity/Hub/Editor/2020.2.0f1/Editor/Data/MonoBleedingEdge/etc'
Using monoOptions --debugger-agent=transport=dt_socket,embedding=1,server=y,suspend=n,address=127.0.0.1:56324
Begin MonoManager ReloadAssembly
Registering precompiled unity dll's ...
Register platform support module: C:/Program Files/Unity/Hub/Editor/2020.2.0f1/Editor/Data/PlaybackEngines/WindowsStandaloneSupport/UnityEditor.WindowsStandalone.Extensions.dll
Registered in 0.001903 seconds.
Native extension for WindowsStandalone target not found
Refreshing native plugins compatible for Editor in 55.26 ms, found 2 plugins.
Preloading 0 native plugins for Editor in 0.00 ms.
Invoked RoslynAnalysisRunner static constructor.
RoslynAnalysisRunner will not be running.
RoslynAnalysisRunner has terminated.
Mono: successfully reloaded assembly
- Completed reload, in  1.057 seconds
Platform modules already initialized, skipping
Registering precompiled user dll's ...
Registered in 0.001765 seconds.
Begin MonoManager ReloadAssembly
Native extension for WindowsStandalone target not found
Refreshing native plugins compatible for Editor in 51.16 ms, found 2 plugins.
Preloading 0 native plugins for Editor in 0.00 ms.
Invoked RoslynAnalysisRunner static constructor.
RoslynAnalysisRunner will not be running.
RoslynAnalysisRunner has terminated.
Mono: successfully reloaded assembly
- Completed reload, in  1.247 seconds
Platform modules already initialized, skipping
========================================================================
Worker process is ready to serve import requests
Launched and connected shader compiler UnityShaderCompiler.exe after 0.05 seconds
Refreshing native plugins compatible for Editor in 0.51 ms, found 2 plugins.
Preloading 0 native plugins for Editor in 0.00 ms.
Unloading 2285 Unused Serialized files (Serialized files now loaded: 0)
System memory in use before: 208.1 MB.
System memory in use after: 208.1 MB.

Unloading 98 unused Assets to reduce memory usage. Loaded Objects now: 2768.
Total: 3.824300 ms (FindLiveObjects: 0.289900 ms CreateObjectMapping: 0.099600 ms MarkObjects: 2.671600 ms  DeleteObjects: 0.762400 ms)

========================================================================
Received Import Request.
  path: Assets/Scripts/AmbientSound.cs
  artifactKey: Guid(06f6aed43af73fb42a6699842fe40662) Importer(815301076,1909f56bfc062723c751e8b465ee728b)
Start importing Assets/Scripts/AmbientSound.cs using Guid(06f6aed43af73fb42a6699842fe40662) Importer(815301076,1909f56bfc062723c751e8b465ee728b)  -> (artifact id: 'c59cd595a58a3d0f0d6d0423ff5ea5aa') in 0.068981 seconds
  Import took 0.088874 seconds .

========================================================================
Received Prepare
Refreshing native plugins compatible for Editor in 3.23 ms, found 2 plugins.
Preloading 0 native plugins for Editor in 0.00 ms.
Unloading 12 Unused Serialized files (Serialized files now loaded: 0)
System memory in use before: 157.2 MB.
System memory in use after: 157.3 MB.

Unloading 12 unused Assets to reduce memory usage. Loaded Objects now: 2768.
Total: 3.247400 ms (FindLiveObjects: 0.340700 ms CreateObjectMapping: 0.201000 ms MarkObjects: 2.354400 ms  DeleteObjects: 0.350400 ms)

========================================================================
Received Import Request.
  Time since last request: 358.647802 seconds.
  path: Assets/Scripts/CannonScript.cs
  artifactKey: Guid(78eb338f359d9e94795bedbea2998d68) Importer(815301076,1909f56bfc062723c751e8b465ee728b)
Start importing Assets/Scripts/CannonScript.cs using Guid(78eb338f359d9e94795bedbea2998d68) Importer(815301076,1909f56bfc062723c751e8b465ee728b)  -> (artifact id: '51984b09c0983858c40dddfe807aa736') in 0.004903 seconds
  Import took 0.022325 seconds .

========================================================================
Received Import Request.
  Time since last request: 236.923002 seconds.
  path: Assets/Scripts/Facilitator/ParrotScript.cs
  artifactKey: Guid(376f0259dc4b6d144a02981886feec07) Importer(815301076,1909f56bfc062723c751e8b465ee728b)
Start importing Assets/Scripts/Facilitator/ParrotScript.cs using Guid(376f0259dc4b6d144a02981886feec07) Importer(815301076,1909f56bfc062723c751e8b465ee728b)  -> (artifact id: '77d63fab74616d7420ed8a58106cb16d') in 0.005380 seconds
  Import took 0.029930 seconds .

========================================================================
Received Import Request.
  Time since last request: 852.066846 seconds.
  path: Assets/Scripts/Utils/Coroutines.cs
  artifactKey: Guid(bd2b57795ba5efe42832d0cc4a6563ea) Importer(815301076,1909f56bfc062723c751e8b465ee728b)
Start importing Assets/Scripts/Utils/Coroutines.cs using Guid(bd2b57795ba5efe42832d0cc4a6563ea) Importer(815301076,1909f56bfc062723c751e8b465ee728b)  -> (artifact id: '7b8c0a7e41fa6b25318cdb3ff6acbe22') in 0.004894 seconds
  Import took 0.016578 seconds .

========================================================================
Received Import Request.
  Time since last request: 354.728234 seconds.
  path: Assets/Scripts/Utils/Coroutines.cs
  artifactKey: Guid(bd2b57795ba5efe42832d0cc4a6563ea) Importer(815301076,1909f56bfc062723c751e8b465ee728b)
Start importing Assets/Scripts/Utils/Coroutines.cs using Guid(bd2b57795ba5efe42832d0cc4a6563ea) Importer(815301076,1909f56bfc062723c751e8b465ee728b)  -> (artifact id: '81bdb5b82f1c443d65abfe0f914cd853') in 0.004693 seconds
  Import took 0.019563 seconds .

========================================================================
Received Prepare
Registering precompiled user dll's ...
Registered in 0.002160 seconds.
Begin MonoManager ReloadAssembly
Native extension for WindowsStandalone target not found
Refreshing native plugins compatible for Editor in 0.49 ms, found 2 plugins.
Preloading 0 native plugins for Editor in 0.00 ms.
Invoked RoslynAnalysisRunner static constructor.
RoslynAnalysisRunner will not be running.
RoslynAnalysisRunner has terminated.
Mono: successfully reloaded assembly
- Completed reload, in  1.195 seconds
Platform modules already initialized, skipping
Refreshing native plugins compatible for Editor in 0.51 ms, found 2 plugins.
Preloading 0 native plugins for Editor in 0.00 ms.
Unloading 2167 Unused Serialized files (Serialized files now loaded: 0)
System memory in use before: 200.4 MB.
System memory in use after: 200.4 MB.

Unloading 79 unused Assets to reduce memory usage. Loaded Objects now: 2770.
Total: 3.750300 ms (FindLiveObjects: 0.301600 ms CreateObjectMapping: 0.127400 ms MarkObjects: 2.899200 ms  DeleteObjects: 0.420800 ms)

========================================================================
Received Prepare
Registering precompiled user dll's ...
Registered in 0.002841 seconds.
Begin MonoManager ReloadAssembly
Native extension for WindowsStandalone target not found
Refreshing native plugins compatible for Editor in 0.53 ms, found 2 plugins.
Preloading 0 native plugins for Editor in 0.00 ms.
Invoked RoslynAnalysisRunner static constructor.
RoslynAnalysisRunner will not be running.
RoslynAnalysisRunner has terminated.
Mono: successfully reloaded assembly
- Completed reload, in  1.529 seconds
Platform modules already initialized, skipping
Refreshing native plugins compatible for Editor in 0.69 ms, found 2 plugins.
Preloading 0 native plugins for Editor in 0.00 ms.
Unloading 2167 Unused Serialized files (Serialized files now loaded: 0)
System memory in use before: 200.4 MB.
System memory in use after: 200.4 MB.

Unloading 79 unused Assets to reduce memory usage. Loaded Objects now: 2772.
Total: 3.799600 ms (FindLiveObjects: 0.379300 ms CreateObjectMapping: 0.249900 ms MarkObjects: 2.481000 ms  DeleteObjects: 0.686600 ms)

========================================================================
Received Prepare
Registering precompiled user dll's ...
Registered in 0.001875 seconds.
Begin MonoManager ReloadAssembly
Native extension for WindowsStandalone target not found
Refreshing native plugins compatible for Editor in 0.51 ms, found 2 plugins.
Preloading 0 native plugins for Editor in 0.00 ms.
Invoked RoslynAnalysisRunner static constructor.
RoslynAnalysisRunner will not be running.
RoslynAnalysisRunner has terminated.
Mono: successfully reloaded assembly
- Completed reload, in  1.165 seconds
Platform modules already initialized, skipping
Refreshing native plugins compatible for Editor in 0.54 ms, found 2 plugins.
Preloading 0 native plugins for Editor in 0.00 ms.
Unloading 2167 Unused Serialized files (Serialized files now loaded: 0)
System memory in use before: 200.4 MB.
System memory in use after: 200.5 MB.

Unloading 79 unused Assets to reduce memory usage. Loaded Objects now: 2774.
Total: 2.996300 ms (FindLiveObjects: 0.318900 ms CreateObjectMapping: 0.122900 ms MarkObjects: 1.935200 ms  DeleteObjects: 0.618500 ms)

========================================================================
Received Prepare
Registering precompiled user dll's ...
Registered in 0.001705 seconds.
Begin MonoManager ReloadAssembly
Native extension for WindowsStandalone target not found
Refreshing native plugins compatible for Editor in 0.50 ms, found 2 plugins.
Preloading 0 native plugins for Editor in 0.00 ms.
Invoked RoslynAnalysisRunner static constructor.
RoslynAnalysisRunner will not be running.
RoslynAnalysisRunner has terminated.
Mono: successfully reloaded assembly
- Completed reload, in  1.174 seconds
Platform modules already initialized, skipping
Refreshing native plugins compatible for Editor in 0.53 ms, found 2 plugins.
Preloading 0 native plugins for Editor in 0.00 ms.
Unloading 2167 Unused Serialized files (Serialized files now loaded: 0)
System memory in use before: 200.4 MB.
System memory in use after: 200.5 MB.

Unloading 79 unused Assets to reduce memory usage. Loaded Objects now: 2776.
Total: 6.689000 ms (FindLiveObjects: 0.658000 ms CreateObjectMapping: 0.268200 ms MarkObjects: 5.164900 ms  DeleteObjects: 0.596200 ms)

========================================================================
Received Prepare
Registering precompiled user dll's ...
Registered in 0.001975 seconds.
Begin MonoManager ReloadAssembly
Native extension for WindowsStandalone target not found
Refreshing native plugins compatible for Editor in 0.47 ms, found 2 plugins.
Preloading 0 native plugins for Editor in 0.00 ms.
Invoked RoslynAnalysisRunner static constructor.
RoslynAnalysisRunner will not be running.
RoslynAnalysisRunner has terminated.
Mono: successfully reloaded assembly
- Completed reload, in  1.142 seconds
Platform modules already initialized, skipping
Refreshing native plugins compatible for Editor in 0.50 ms, found 2 plugins.
Preloading 0 native plugins for Editor in 0.00 ms.
Unloading 2167 Unused Serialized files (Serialized files now loaded: 0)
System memory in use before: 200.4 MB.
System memory in use after: 200.4 MB.

Unloading 79 unused Assets to reduce memory usage. Loaded Objects now: 2778.
Total: 5.812100 ms (FindLiveObjects: 0.327200 ms CreateObjectMapping: 0.146900 ms MarkObjects: 4.778800 ms  DeleteObjects: 0.558000 ms)

========================================================================
Received Prepare
Registering precompiled user dll's ...
Registered in 0.002667 seconds.
Begin MonoManager ReloadAssembly
Native extension for WindowsStandalone target not found
Refreshing native plugins compatible for Editor in 0.97 ms, found 2 plugins.
Preloading 0 native plugins for Editor in 0.00 ms.
Invoked RoslynAnalysisRunner static constructor.
RoslynAnalysisRunner will not be running.
RoslynAnalysisRunner has terminated.
Mono: successfully reloaded assembly
- Completed reload, in  1.660 seconds
Platform modules already initialized, skipping
Refreshing native plugins compatible for Editor in 0.54 ms, found 2 plugins.
Preloading 0 native plugins for Editor in 0.00 ms.
Unloading 2167 Unused Serialized files (Serialized files now loaded: 0)
System memory in use before: 200.4 MB.
System memory in use after: 200.5 MB.

Unloading 79 unused Assets to reduce memory usage. Loaded Objects now: 2780.
Total: 4.402300 ms (FindLiveObjects: 0.342500 ms CreateObjectMapping: 0.130400 ms MarkObjects: 3.378400 ms  DeleteObjects: 0.549400 ms)

========================================================================
Received Prepare
Registering precompiled user dll's ...
Registered in 0.002555 seconds.
Begin MonoManager ReloadAssembly
Native extension for WindowsStandalone target not found
Refreshing native plugins compatible for Editor in 0.54 ms, found 2 plugins.
Preloading 0 native plugins for Editor in 0.00 ms.
Invoked RoslynAnalysisRunner static constructor.
RoslynAnalysisRunner will not be running.
RoslynAnalysisRunner has terminated.
Mono: successfully reloaded assembly
- Completed reload, in  1.542 seconds
Platform modules already initialized, skipping
Refreshing native plugins compatible for Editor in 0.89 ms, found 2 plugins.
Preloading 0 native plugins for Editor in 0.00 ms.
Unloading 2167 Unused Serialized files (Serialized files now loaded: 0)
System memory in use before: 200.5 MB.
System memory in use after: 200.5 MB.

Unloading 79 unused Assets to reduce memory usage. Loaded Objects now: 2782.
Total: 4.007200 ms (FindLiveObjects: 0.439400 ms CreateObjectMapping: 0.227300 ms MarkObjects: 2.779700 ms  DeleteObjects: 0.559300 ms)

========================================================================
Received Import Request.
  Time since last request: 9413.320438 seconds.
  path: Assets/Scripts/Scenarios/Goals/CompositeGoal.cs
  artifactKey: Guid(61f9cc01836342a587e8412218ca4696) Importer(815301076,1909f56bfc062723c751e8b465ee728b)
Start importing Assets/Scripts/Scenarios/Goals/CompositeGoal.cs using Guid(61f9cc01836342a587e8412218ca4696) Importer(815301076,1909f56bfc062723c751e8b465ee728b)  -> (artifact id: '0db20bd4dfb7569e93f6be4471bfd9da') in 0.026685 seconds
  Import took 0.053065 seconds .

========================================================================
Received Import Request.
  Time since last request: 48.576727 seconds.
  path: Assets/Scripts/Scenarios/Goals/SimpleGoal.cs
  artifactKey: Guid(5aa1c9d045bc45de835e06c43846bca5) Importer(815301076,1909f56bfc062723c751e8b465ee728b)
Start importing Assets/Scripts/Scenarios/Goals/SimpleGoal.cs using Guid(5aa1c9d045bc45de835e06c43846bca5) Importer(815301076,1909f56bfc062723c751e8b465ee728b)  -> (artifact id: '39e035bf3468047658a1c6c35023f8bf') in 0.004526 seconds
  Import took 0.020775 seconds .

========================================================================
Received Import Request.
  Time since last request: 836.330383 seconds.
  path: Assets/Prefabs/Shapes/OneHalf
  artifactKey: Guid(1fbbf9a5cccabcc4699025f58e2f90f0) Importer(815301076,1909f56bfc062723c751e8b465ee728b)
Start importing Assets/Prefabs/Shapes/OneHalf using Guid(1fbbf9a5cccabcc4699025f58e2f90f0) Importer(815301076,1909f56bfc062723c751e8b465ee728b)  -> (artifact id: 'c6060110404ab3fad81cec95e6579e35') in 0.004753 seconds
  Import took 0.016447 seconds .

========================================================================
Received Import Request.
  Time since last request: 12.120576 seconds.
  path: Assets/Prefabs/Shapes/OneHalf/Half.prefab
  artifactKey: Guid(4c0a74cd3a572094b9538d7eb015b521) Importer(815301076,1909f56bfc062723c751e8b465ee728b)
Start importing Assets/Prefabs/Shapes/OneHalf/Half.prefab using Guid(4c0a74cd3a572094b9538d7eb015b521) Importer(815301076,1909f56bfc062723c751e8b465ee728b)  -> (artifact id: '0abe629e25768ac58fe3f362ad921b34') in 0.101290 seconds
  Import took 0.125153 seconds .

========================================================================
Received Import Request.
  Time since last request: 6.709728 seconds.
  path: Assets/Prefabs/Shapes/OneHalf/Third.prefab
  artifactKey: Guid(98070f94c0ea40949b8a6cf8cc976882) Importer(815301076,1909f56bfc062723c751e8b465ee728b)
Start importing Assets/Prefabs/Shapes/OneHalf/Third.prefab using Guid(98070f94c0ea40949b8a6cf8cc976882) Importer(815301076,1909f56bfc062723c751e8b465ee728b)  -> (artifact id: 'e5655b8ff6aac4fcb3b0e757da1e2c03') in 0.010554 seconds
  Import took 0.028123 seconds .

========================================================================
Received Import Request.
  Time since last request: 29.727259 seconds.
  path: Assets/Prefabs/Shapes/OneHalf/Eigth.prefab
  artifactKey: Guid(471fffb5b13626f41b9fb755a300a12f) Importer(815301076,1909f56bfc062723c751e8b465ee728b)
Start importing Assets/Prefabs/Shapes/OneHalf/Eigth.prefab using Guid(471fffb5b13626f41b9fb755a300a12f) Importer(815301076,1909f56bfc062723c751e8b465ee728b)  -> (artifact id: '074c76d532430bb41850371fd58810d0') in 0.013250 seconds
  Import took 0.017676 seconds .

========================================================================
Received Import Request.
  Time since last request: 35.575704 seconds.
  path: Assets/Prefabs/Shapes/OneHalf/Eighth.prefab
  artifactKey: Guid(471fffb5b13626f41b9fb755a300a12f) Importer(815301076,1909f56bfc062723c751e8b465ee728b)
Start importing Assets/Prefabs/Shapes/OneHalf/Eighth.prefab using Guid(471fffb5b13626f41b9fb755a300a12f) Importer(815301076,1909f56bfc062723c751e8b465ee728b)  -> (artifact id: 'abc44de3594c391bdb3e7a3c1bdd3940') in 0.010674 seconds
  Import took 0.030026 seconds .

========================================================================
Received Prepare
Registering precompiled user dll's ...
Registered in 0.001848 seconds.
Begin MonoManager ReloadAssembly
Native extension for WindowsStandalone target not found
Refreshing native plugins compatible for Editor in 1.05 ms, found 2 plugins.
Preloading 0 native plugins for Editor in 0.00 ms.
Invoked RoslynAnalysisRunner static constructor.
RoslynAnalysisRunner will not be running.
RoslynAnalysisRunner has terminated.
Mono: successfully reloaded assembly
- Completed reload, in  1.428 seconds
Platform modules already initialized, skipping
Refreshing native plugins compatible for Editor in 0.50 ms, found 2 plugins.
Preloading 0 native plugins for Editor in 0.00 ms.
Unloading 2167 Unused Serialized files (Serialized files now loaded: 0)
System memory in use before: 203.5 MB.
System memory in use after: 203.5 MB.

Unloading 79 unused Assets to reduce memory usage. Loaded Objects now: 2792.
Total: 2.981100 ms (FindLiveObjects: 0.261800 ms CreateObjectMapping: 0.091500 ms MarkObjects: 2.172600 ms  DeleteObjects: 0.454400 ms)

========================================================================
Received Prepare
Registering precompiled user dll's ...
Registered in 0.001955 seconds.
Begin MonoManager ReloadAssembly
Native extension for WindowsStandalone target not found
Refreshing native plugins compatible for Editor in 0.54 ms, found 2 plugins.
Preloading 0 native plugins for Editor in 0.00 ms.
Invoked RoslynAnalysisRunner static constructor.
RoslynAnalysisRunner will not be running.
RoslynAnalysisRunner has terminated.
Mono: successfully reloaded assembly
- Completed reload, in  1.133 seconds
Platform modules already initialized, skipping
Refreshing native plugins compatible for Editor in 0.55 ms, found 2 plugins.
Preloading 0 native plugins for Editor in 0.00 ms.
Unloading 2167 Unused Serialized files (Serialized files now loaded: 0)
System memory in use before: 203.5 MB.
System memory in use after: 203.5 MB.

Unloading 79 unused Assets to reduce memory usage. Loaded Objects now: 2794.
Total: 3.480100 ms (FindLiveObjects: 0.515100 ms CreateObjectMapping: 0.166000 ms MarkObjects: 2.256800 ms  DeleteObjects: 0.541100 ms)

========================================================================
Received Prepare
Registering precompiled user dll's ...
Registered in 0.001767 seconds.
Begin MonoManager ReloadAssembly
Native extension for WindowsStandalone target not found
Refreshing native plugins compatible for Editor in 0.55 ms, found 2 plugins.
Preloading 0 native plugins for Editor in 0.00 ms.
Invoked RoslynAnalysisRunner static constructor.
RoslynAnalysisRunner will not be running.
RoslynAnalysisRunner has terminated.
Mono: successfully reloaded assembly
- Completed reload, in  1.214 seconds
Platform modules already initialized, skipping
Refreshing native plugins compatible for Editor in 0.55 ms, found 2 plugins.
Preloading 0 native plugins for Editor in 0.00 ms.
Unloading 2167 Unused Serialized files (Serialized files now loaded: 0)
System memory in use before: 203.4 MB.
System memory in use after: 203.4 MB.

Unloading 79 unused Assets to reduce memory usage. Loaded Objects now: 2796.
Total: 3.262000 ms (FindLiveObjects: 0.398500 ms CreateObjectMapping: 0.167700 ms MarkObjects: 2.190300 ms  DeleteObjects: 0.504600 ms)

========================================================================
Received Prepare
Registering precompiled user dll's ...
Registered in 0.002031 seconds.
Begin MonoManager ReloadAssembly
Native extension for WindowsStandalone target not found
Refreshing native plugins compatible for Editor in 0.52 ms, found 2 plugins.
Preloading 0 native plugins for Editor in 0.00 ms.
Invoked RoslynAnalysisRunner static constructor.
RoslynAnalysisRunner will not be running.
RoslynAnalysisRunner has terminated.
Mono: successfully reloaded assembly
- Completed reload, in  1.185 seconds
Platform modules already initialized, skipping
Refreshing native plugins compatible for Editor in 0.50 ms, found 2 plugins.
Preloading 0 native plugins for Editor in 0.00 ms.
Unloading 2167 Unused Serialized files (Serialized files now loaded: 0)
System memory in use before: 203.5 MB.
System memory in use after: 203.5 MB.

Unloading 79 unused Assets to reduce memory usage. Loaded Objects now: 2798.
Total: 2.814800 ms (FindLiveObjects: 0.246200 ms CreateObjectMapping: 0.097600 ms MarkObjects: 2.015700 ms  DeleteObjects: 0.454500 ms)

========================================================================
Received Prepare
Registering precompiled user dll's ...
Registered in 0.001944 seconds.
Begin MonoManager ReloadAssembly
Native extension for WindowsStandalone target not found
Refreshing native plugins compatible for Editor in 0.55 ms, found 2 plugins.
Preloading 0 native plugins for Editor in 0.00 ms.
Invoked RoslynAnalysisRunner static constructor.
RoslynAnalysisRunner will not be running.
RoslynAnalysisRunner has terminated.
Mono: successfully reloaded assembly
- Completed reload, in  1.250 seconds
Platform modules already initialized, skipping
Refreshing native plugins compatible for Editor in 0.55 ms, found 2 plugins.
Preloading 0 native plugins for Editor in 0.00 ms.
Unloading 2167 Unused Serialized files (Serialized files now loaded: 0)
System memory in use before: 203.5 MB.
System memory in use after: 203.6 MB.

Unloading 79 unused Assets to reduce memory usage. Loaded Objects now: 2800.
Total: 3.914400 ms (FindLiveObjects: 0.421100 ms CreateObjectMapping: 0.146100 ms MarkObjects: 2.495100 ms  DeleteObjects: 0.850300 ms)

========================================================================
Received Prepare
Registering precompiled user dll's ...
Registered in 0.002222 seconds.
Begin MonoManager ReloadAssembly
Native extension for WindowsStandalone target not found
Refreshing native plugins compatible for Editor in 0.58 ms, found 2 plugins.
Preloading 0 native plugins for Editor in 0.00 ms.
Invoked RoslynAnalysisRunner static constructor.
RoslynAnalysisRunner will not be running.
RoslynAnalysisRunner has terminated.
Mono: successfully reloaded assembly
- Completed reload, in  1.607 seconds
Platform modules already initialized, skipping
Refreshing native plugins compatible for Editor in 0.56 ms, found 2 plugins.
Preloading 0 native plugins for Editor in 0.00 ms.
Unloading 2167 Unused Serialized files (Serialized files now loaded: 0)
System memory in use before: 203.5 MB.
System memory in use after: 203.6 MB.

Unloading 79 unused Assets to reduce memory usage. Loaded Objects now: 2802.
Total: 4.963900 ms (FindLiveObjects: 0.399600 ms CreateObjectMapping: 0.268500 ms MarkObjects: 3.755800 ms  DeleteObjects: 0.537600 ms)

========================================================================
Received Prepare
Registering precompiled user dll's ...
Registered in 0.002153 seconds.
Begin MonoManager ReloadAssembly
Native extension for WindowsStandalone target not found
Refreshing native plugins compatible for Editor in 0.49 ms, found 2 plugins.
Preloading 0 native plugins for Editor in 0.00 ms.
Invoked RoslynAnalysisRunner static constructor.
RoslynAnalysisRunner will not be running.
RoslynAnalysisRunner has terminated.
Mono: successfully reloaded assembly
- Completed reload, in  1.210 seconds
Platform modules already initialized, skipping
Refreshing native plugins compatible for Editor in 0.70 ms, found 2 plugins.
Preloading 0 native plugins for Editor in 0.00 ms.
Unloading 2167 Unused Serialized files (Serialized files now loaded: 0)
System memory in use before: 203.5 MB.
System memory in use after: 203.6 MB.

Unloading 79 unused Assets to reduce memory usage. Loaded Objects now: 2804.
Total: 3.039500 ms (FindLiveObjects: 0.317500 ms CreateObjectMapping: 0.108500 ms MarkObjects: 2.119500 ms  DeleteObjects: 0.493100 ms)

========================================================================
Received Prepare
Registering precompiled user dll's ...
Registered in 0.002184 seconds.
Begin MonoManager ReloadAssembly
Native extension for WindowsStandalone target not found
Refreshing native plugins compatible for Editor in 0.97 ms, found 2 plugins.
Preloading 0 native plugins for Editor in 0.00 ms.
Invoked RoslynAnalysisRunner static constructor.
RoslynAnalysisRunner will not be running.
RoslynAnalysisRunner has terminated.
Mono: successfully reloaded assembly
- Completed reload, in  1.529 seconds
Platform modules already initialized, skipping
Refreshing native plugins compatible for Editor in 0.68 ms, found 2 plugins.
Preloading 0 native plugins for Editor in 0.00 ms.
Unloading 2167 Unused Serialized files (Serialized files now loaded: 0)
System memory in use before: 203.4 MB.
System memory in use after: 203.5 MB.

Unloading 79 unused Assets to reduce memory usage. Loaded Objects now: 2806.
Total: 4.284100 ms (FindLiveObjects: 0.323800 ms CreateObjectMapping: 0.200800 ms MarkObjects: 3.042100 ms  DeleteObjects: 0.715400 ms)

========================================================================
Received Prepare
Registering precompiled user dll's ...
Registered in 0.002926 seconds.
Begin MonoManager ReloadAssembly
Native extension for WindowsStandalone target not found
Refreshing native plugins compatible for Editor in 0.69 ms, found 2 plugins.
Preloading 0 native plugins for Editor in 0.00 ms.
Invoked RoslynAnalysisRunner static constructor.
RoslynAnalysisRunner will not be running.
RoslynAnalysisRunner has terminated.
Mono: successfully reloaded assembly
- Completed reload, in  1.517 seconds
Platform modules already initialized, skipping
Refreshing native plugins compatible for Editor in 0.59 ms, found 2 plugins.
Preloading 0 native plugins for Editor in 0.00 ms.
Unloading 2167 Unused Serialized files (Serialized files now loaded: 0)
System memory in use before: 203.5 MB.
System memory in use after: 203.6 MB.

Unloading 79 unused Assets to reduce memory usage. Loaded Objects now: 2808.
Total: 3.459500 ms (FindLiveObjects: 0.241100 ms CreateObjectMapping: 0.106400 ms MarkObjects: 2.479500 ms  DeleteObjects: 0.631100 ms)

========================================================================
Received Prepare
Registering precompiled user dll's ...
Registered in 0.002219 seconds.
Begin MonoManager ReloadAssembly
Native extension for WindowsStandalone target not found
Refreshing native plugins compatible for Editor in 0.60 ms, found 2 plugins.
Preloading 0 native plugins for Editor in 0.00 ms.
Invoked RoslynAnalysisRunner static constructor.
RoslynAnalysisRunner will not be running.
RoslynAnalysisRunner has terminated.
Mono: successfully reloaded assembly
- Completed reload, in  1.528 seconds
Platform modules already initialized, skipping
Refreshing native plugins compatible for Editor in 0.63 ms, found 2 plugins.
Preloading 0 native plugins for Editor in 0.00 ms.
Unloading 2167 Unused Serialized files (Serialized files now loaded: 0)
System memory in use before: 203.5 MB.
System memory in use after: 203.6 MB.

Unloading 79 unused Assets to reduce memory usage. Loaded Objects now: 2810.
Total: 3.906300 ms (FindLiveObjects: 0.398700 ms CreateObjectMapping: 0.244000 ms MarkObjects: 2.585500 ms  DeleteObjects: 0.676000 ms)

